configuration files read
	config_pyposmat -> pyposmat.config
	config_potential -> pyposmat.potential
	config_qoi -> pyposmat.qoi
setting results file location:
	results_file -> pyposmat.out
setting log file location:
	log_file -> pyposmat.log
validating the structure database...
	dir_structure_db --> structure_db
	vasp: MgO_NaCl -> MgO_NaCl_unit.vasp
	vasp: MgO_NaCl_fr_a -> MgO_NaCl_333_fr_a.vasp
	vasp: MgO_NaCl_fr_c -> MgO_NaCl_333_fr_c.vasp
	vasp: MgO_NaCl_sch -> MgO_NaCl_333_sch.vasp
	vasp: MgO_NaCl_001_s -> MgO_NaCl_001_s.vasp
checking to see if lammps simulation database directory exists:
	dir_lammps_sim_db -> lmp_scripts_db
checking to see if all lammps simulation templates exist:
	lmmps_sim: sp -> single_point
	lmmps_sim: E_min_all -> E_min_all
	lmmps_sim: elastic -> elastic
	lmmps_sim: E_min_pos -> E_min_pos
validating quantities of interest.
checking to see if qoi structures in structure_db.
	qoi_structure: MgO_NaCl_fr_c ... passed
	qoi_structure: MgO_NaCl ... passed
	qoi_structure: MgO_NaCl_sch ... passed
	qoi_structure: MgO_NaCl_fr_a ... passed
	qoi_structure: MgO_NaCl_001_s ... passed
checking to confirm that vars required
	qoi_variable(defect_energy) is in qoi_db
	qoi_variable(c44) is in qoi_db
	qoi_variable(c12) is in qoi_db
	qoi_variable(bulk_modulus) is in qoi_db
	qoi_variable(a0) is in qoi_db
	qoi_variable(c11) is in qoi_db
	qoi_variable(shear_modulus) is in qoi_db
	qoi_variable(surface_energy) is in qoi_db
configuring the potential
	buckingham_potential
	symbols:Mg,O
	param_names:chrg_Mg,chrg_O,MgMg_A,MgMg_rho,MgMg_C,MgO_A,MgO_rho,MgO_C,OO_A,OO_rho,OO_C
setting up the qoi manager
	initialized qoi manager
setting up the lammps simulation manager
	initialized lammps simulation manager
starting iteration loop 0
No restart, starting from sim_id:0
0
1
2
3
4
5
6
7
8
9
10
11
12
13
14
15
16
17
18
19
20
21
22
23
24
25
26
27
28
29
30
31
32
33
34
35
36
37
38
39
40
41
42
43
44
45
46
47
48
49
50
51
52
53
54
55
56
57
58
59
60
61
62
63
64
65
66
67
68
69
70
71
72
73
74
75
76
77
78
79
80
81
82
83
84
85
86
87
88
89
90
91
92
93
94
95
96
97
98
99
starting iteration loop 1
No restart, starting from sim_id:0
0
1
2
3
4
5
6
7
8
9
10
11
12
13
14
15
16
17
18
19
20
21
22
23
24
25
26
27
28
29
30
31
32
33
34
35
36
37
38
39
40
41
42
43
44
45
46
47
48
49
50
51
52
53
54
55
56
57
58
59
60
61
62
63
64
65
66
67
68
69
70
71
72
73
74
75
76
77
78
79
80
81
82
83
84
85
86
87
88
89
90
91
92
93
94
95
96
97
98
99
starting iteration loop 2
No restart, starting from sim_id:0
0
1
2
3
4
5
6
7
8
9
10
11
12
13
14
15
16
17
18
19
20
21
22
23
24
25
26
27
28
29
30
31
32
33
34
35
36
37
38
39
40
41
42
43
44
45
46
47
48
49
50
51
52
53
54
55
56
57
58
59
60
61
62
63
64
65
66
67
68
69
70
71
72
73
74
75
76
77
78
79
80
81
82
83
84
85
86
87
88
89
90
91
92
93
94
95
96
97
98
99
starting iteration loop 3
No restart, starting from sim_id:0
0
1
2
3
4
5
6
7
8
9
10
11
12
13
14
15
16
17
18
19
20
21
22
23
24
25
26
27
28
29
30
31
32
33
34
35
36
37
38
39
40
41
42
43
44
45
46
47
48
49
50
51
52
53
54
55
56
57
58
59
60
61
62
63
64
65
66
67
68
69
70
71
72
73
74
75
76
77
78
79
80
81
82
83
84
85
86
87
88
89
90
91
92
93
94
95
96
97
98
99
starting iteration loop 4
No restart, starting from sim_id:0
0
1
2
3
4
5
6
7
8
9
10
11
12
13
14
15
16
17
18
19
20
21
22
23
24
25
26
27
28
29
30
31
32
33
34
35
36
37
38
39
40
41
42
43
44
45
46
47
48
49
50
51
52
53
54
55
56
57
58
59
60
61
62
63
64
65
66
67
68
69
70
71
72
73
74
75
76
77
78
79
80
81
82
83
84
85
86
87
88
89
90
91
92
93
94
95
96
97
98
99
starting iteration loop 5
No restart, starting from sim_id:0
0
1
2
3
4
5
6
7
8
9
10
11
12
13
14
15
16
17
18
19
20
21
22
23
24
25
26
27
28
29
30
31
32
33
34
35
36
37
38
39
40
41
42
43
44
45
46
47
48
49
50
51
52
53
54
55
56
57
58
59
60
61
62
63
64
65
66
67
68
69
70
71
72
73
74
75
76
77
78
79
80
81
82
83
84
85
86
87
88
89
90
91
92
93
94
95
96
97
98
99
starting iteration loop 6
No restart, starting from sim_id:0
0
1
2
3
4
5
6
7
8
9
10
11
12
13
14
15
16
17
18
19
20
21
22
23
24
25
26
27
28
29
30
31
32
33
34
35
36
37
38
39
40
41
42
43
44
45
46
47
48
49
50
51
52
53
54
55
56
57
58
59
60
61
62
63
64
65
66
67
68
69
70
71
72
73
74
75
76
77
78
79
80
81
82
83
84
85
86
87
88
89
90
91
92
93
94
95
96
97
98
99
starting iteration loop 7
No restart, starting from sim_id:0
0
1
2
3
4
5
6
7
8
9
10
11
12
13
14
15
16
17
18
19
20
21
22
23
24
25
26
27
28
29
30
31
32
33
34
35
36
37
38
39
40
41
42
43
44
45
46
47
48
49
50
51
52
53
54
55
56
57
58
59
60
61
62
63
64
65
66
67
68
69
70
71
72
73
74
75
76
77
78
79
80
81
82
83
84
85
86
87
88
89
90
91
92
93
94
95
96
97
98
99
starting iteration loop 8
No restart, starting from sim_id:0
0
1
2
3
4
5
6
7
8
9
10
11
12
13
14
15
16
17
18
19
20
21
22
23
24
25
26
27
28
29
30
31
32
33
34
35
36
37
38
39
40
41
42
43
44
45
46
47
48
49
50
51
52
53
54
55
56
57
58
59
60
61
62
63
64
65
66
67
68
69
70
71
72
73
74
75
76
77
78
79
80
81
82
83
84
85
86
87
88
89
90
91
92
93
94
95
96
97
98
99
starting iteration loop 9
No restart, starting from sim_id:0
0
1
2
3
4
5
6
7
8
9
10
11
12
13
14
15
16
17
18
19
20
21
22
23
24
25
26
27
28
29
30
31
32
33
34
35
36
37
38
39
40
41
42
43
44
45
46
47
48
49
50
51
52
53
54
55
56
57
58
59
60
61
62
63
64
65
66
67
68
69
70
71
72
73
74
75
76
77
78
79
80
81
82
83
84
85
86
87
88
89
90
91
92
93
94
95
96
97
98
99
